<?xml version="1.0" encoding="UTF-8"?>
<coverage generated="1524504808653" clover="3.2.0">
  <project timestamp="1524504808654" name="All files">
    <metrics statements="50" coveredstatements="44" conditionals="22" coveredconditionals="18" methods="16" coveredmethods="14" elements="88" coveredelements="76" complexity="0" loc="50" ncloc="50" packages="1" files="3" classes="3">
      <file name="Pagination.js" path="/Users/udavig4/Git/pagination/src/js/Pagination.js">
        <metrics statements="41" coveredstatements="35" conditionals="20" coveredconditionals="16" methods="11" coveredmethods="9"/>
        <line num="29" count="10" type="stmt"/>
        <line num="30" count="10" type="stmt"/>
        <line num="36" count="10" type="stmt"/>
        <line num="39" count="0" type="stmt"/>
        <line num="43" count="0" type="stmt"/>
        <line num="47" count="11" type="stmt"/>
        <line num="49" count="11" type="stmt"/>
        <line num="87" count="6" type="stmt"/>
        <line num="104" count="10" type="stmt"/>
        <line num="125" count="11" type="stmt"/>
        <line num="127" count="11" type="cond" truecount="2" falsecount="0"/>
        <line num="129" count="1" type="stmt"/>
        <line num="133" count="1" type="stmt"/>
        <line num="136" count="10" type="stmt"/>
        <line num="137" count="528" type="stmt"/>
        <line num="144" count="10" type="stmt"/>
        <line num="145" count="10" type="cond" truecount="1" falsecount="1"/>
        <line num="146" count="0" type="stmt"/>
        <line num="147" count="0" type="cond" truecount="0" falsecount="2"/>
        <line num="148" count="0" type="stmt"/>
        <line num="151" count="10" type="cond" truecount="2" falsecount="0"/>
        <line num="152" count="5" type="stmt"/>
        <line num="157" count="10" type="stmt"/>
        <line num="158" count="10" type="cond" truecount="2" falsecount="0"/>
        <line num="159" count="7" type="stmt"/>
        <line num="161" count="10" type="cond" truecount="2" falsecount="0"/>
        <line num="162" count="2" type="stmt"/>
        <line num="165" count="10" type="stmt"/>
        <line num="167" count="10" type="stmt"/>
        <line num="168" count="43" type="stmt"/>
        <line num="179" count="10" type="cond" truecount="2" falsecount="0"/>
        <line num="180" count="3" type="stmt"/>
        <line num="183" count="10" type="stmt"/>
        <line num="185" count="10" type="cond" truecount="4" falsecount="0"/>
        <line num="186" count="3" type="stmt"/>
        <line num="188" count="10" type="stmt"/>
        <line num="192" count="11" type="stmt"/>
        <line num="193" count="11" type="stmt"/>
        <line num="194" count="11" type="cond" truecount="1" falsecount="1"/>
        <line num="195" count="0" type="stmt"/>
        <line num="201" count="11" type="stmt"/>
      </file>
      <file name="PaginationButton.js" path="/Users/udavig4/Git/pagination/src/js/PaginationButton.js">
        <metrics statements="4" coveredstatements="4" conditionals="2" coveredconditionals="2" methods="2" coveredmethods="2"/>
        <line num="3" count="2" type="stmt"/>
        <line num="4" count="43" type="stmt"/>
        <line num="5" count="2" type="stmt"/>
        <line num="8" count="43" type="stmt"/>
      </file>
      <file name="PaginationContainer.js" path="/Users/udavig4/Git/pagination/src/js/PaginationContainer.js">
        <metrics statements="5" coveredstatements="5" conditionals="0" coveredconditionals="0" methods="3" coveredmethods="3"/>
        <line num="6" count="2" type="stmt"/>
        <line num="7" count="2" type="stmt"/>
        <line num="13" count="1" type="stmt"/>
        <line num="14" count="1" type="stmt"/>
        <line num="18" count="3" type="stmt"/>
      </file>
    </metrics>
  </project>
</coverage>
