{"/Users/udavig4/Git/pagination/src/js/Pagination.js": {"path":"/Users/udavig4/Git/pagination/src/js/Pagination.js","statementMap":{"0":{"start":{"line":29,"column":4},"end":{"line":29,"column":12}},"1":{"start":{"line":30,"column":4},"end":{"line":32,"column":6}},"2":{"start":{"line":36,"column":4},"end":{"line":36,"column":67}},"3":{"start":{"line":39,"column":4},"end":{"line":39,"column":70}},"4":{"start":{"line":43,"column":4},"end":{"line":43,"column":48}},"5":{"start":{"line":47,"column":15},"end":{"line":47,"column":28}},"6":{"start":{"line":49,"column":4},"end":{"line":83,"column":7}},"7":{"start":{"line":87,"column":4},"end":{"line":99,"column":5}},"8":{"start":{"line":104,"column":4},"end":{"line":120,"column":7}},"9":{"start":{"line":125,"column":25},"end":{"line":125,"column":46}},"10":{"start":{"line":127,"column":4},"end":{"line":134,"column":5}},"11":{"start":{"line":129,"column":8},"end":{"line":131,"column":15}},"12":{"start":{"line":133,"column":6},"end":{"line":133,"column":39}},"13":{"start":{"line":136,"column":26},"end":{"line":136,"column":48}},"14":{"start":{"line":137,"column":23},"end":{"line":137,"column":68}},"15":{"start":{"line":137,"column":66},"end":{"line":137,"column":67}},"16":{"start":{"line":144,"column":25},"end":{"line":144,"column":46}},"17":{"start":{"line":145,"column":4},"end":{"line":154,"column":5}},"18":{"start":{"line":146,"column":6},"end":{"line":146,"column":25}},"19":{"start":{"line":147,"column":6},"end":{"line":149,"column":7}},"20":{"start":{"line":148,"column":8},"end":{"line":148,"column":46}},"21":{"start":{"line":151,"column":6},"end":{"line":153,"column":7}},"22":{"start":{"line":152,"column":8},"end":{"line":152,"column":46}},"23":{"start":{"line":157,"column":20},"end":{"line":157,"column":82}},"24":{"start":{"line":158,"column":4},"end":{"line":160,"column":5}},"25":{"start":{"line":159,"column":6},"end":{"line":159,"column":20}},"26":{"start":{"line":161,"column":4},"end":{"line":163,"column":5}},"27":{"start":{"line":162,"column":6},"end":{"line":162,"column":56}},"28":{"start":{"line":165,"column":21},"end":{"line":165,"column":47}},"29":{"start":{"line":167,"column":24},"end":{"line":177,"column":6}},"30":{"start":{"line":168,"column":6},"end":{"line":176,"column":8}},"31":{"start":{"line":179,"column":4},"end":{"line":181,"column":5}},"32":{"start":{"line":180,"column":6},"end":{"line":180,"column":60}},"33":{"start":{"line":183,"column":30},"end":{"line":183,"column":48}},"34":{"start":{"line":185,"column":4},"end":{"line":187,"column":5}},"35":{"start":{"line":186,"column":6},"end":{"line":186,"column":76}},"36":{"start":{"line":188,"column":4},"end":{"line":188,"column":53}},"37":{"start":{"line":192,"column":22},"end":{"line":192,"column":32}},"38":{"start":{"line":193,"column":26},"end":{"line":193,"column":38}},"39":{"start":{"line":194,"column":4},"end":{"line":206,"column":5}},"40":{"start":{"line":195,"column":6},"end":{"line":199,"column":8}},"41":{"start":{"line":201,"column":6},"end":{"line":205,"column":8}}},"fnMap":{"0":{"name":"(anonymous_0)","decl":{"start":{"line":28,"column":2},"end":{"line":28,"column":3}},"loc":{"start":{"line":28,"column":16},"end":{"line":33,"column":3}},"line":28},"1":{"name":"(anonymous_1)","decl":{"start":{"line":35,"column":2},"end":{"line":35,"column":3}},"loc":{"start":{"line":35,"column":23},"end":{"line":37,"column":3}},"line":35},"2":{"name":"(anonymous_2)","decl":{"start":{"line":38,"column":2},"end":{"line":38,"column":3}},"loc":{"start":{"line":38,"column":25},"end":{"line":40,"column":3}},"line":38},"3":{"name":"(anonymous_3)","decl":{"start":{"line":42,"column":27},"end":{"line":42,"column":28}},"loc":{"start":{"line":42,"column":33},"end":{"line":44,"column":3}},"line":42},"4":{"name":"(anonymous_4)","decl":{"start":{"line":46,"column":2},"end":{"line":46,"column":3}},"loc":{"start":{"line":46,"column":19},"end":{"line":84,"column":3}},"line":46},"5":{"name":"(anonymous_5)","decl":{"start":{"line":86,"column":2},"end":{"line":86,"column":3}},"loc":{"start":{"line":86,"column":22},"end":{"line":100,"column":3}},"line":86},"6":{"name":"(anonymous_6)","decl":{"start":{"line":102,"column":2},"end":{"line":102,"column":3}},"loc":{"start":{"line":102,"column":20},"end":{"line":121,"column":3}},"line":102},"7":{"name":"(anonymous_7)","decl":{"start":{"line":124,"column":2},"end":{"line":124,"column":3}},"loc":{"start":{"line":124,"column":33},"end":{"line":189,"column":3}},"line":124},"8":{"name":"(anonymous_8)","decl":{"start":{"line":137,"column":56},"end":{"line":137,"column":57}},"loc":{"start":{"line":137,"column":66},"end":{"line":137,"column":67}},"line":137},"9":{"name":"(anonymous_9)","decl":{"start":{"line":167,"column":65},"end":{"line":167,"column":66}},"loc":{"start":{"line":167,"column":75},"end":{"line":177,"column":5}},"line":167},"10":{"name":"(anonymous_10)","decl":{"start":{"line":191,"column":2},"end":{"line":191,"column":3}},"loc":{"start":{"line":191,"column":11},"end":{"line":207,"column":3}},"line":191}},"branchMap":{"0":{"loc":{"start":{"line":127,"column":4},"end":{"line":134,"column":5}},"type":"if","locations":[{"start":{"line":127,"column":4},"end":{"line":134,"column":5}},{"start":{"line":127,"column":4},"end":{"line":134,"column":5}}],"line":127},"1":{"loc":{"start":{"line":145,"column":4},"end":{"line":154,"column":5}},"type":"if","locations":[{"start":{"line":145,"column":4},"end":{"line":154,"column":5}},{"start":{"line":145,"column":4},"end":{"line":154,"column":5}}],"line":145},"2":{"loc":{"start":{"line":147,"column":6},"end":{"line":149,"column":7}},"type":"if","locations":[{"start":{"line":147,"column":6},"end":{"line":149,"column":7}},{"start":{"line":147,"column":6},"end":{"line":149,"column":7}}],"line":147},"3":{"loc":{"start":{"line":151,"column":6},"end":{"line":153,"column":7}},"type":"if","locations":[{"start":{"line":151,"column":6},"end":{"line":153,"column":7}},{"start":{"line":151,"column":6},"end":{"line":153,"column":7}}],"line":151},"4":{"loc":{"start":{"line":158,"column":4},"end":{"line":160,"column":5}},"type":"if","locations":[{"start":{"line":158,"column":4},"end":{"line":160,"column":5}},{"start":{"line":158,"column":4},"end":{"line":160,"column":5}}],"line":158},"5":{"loc":{"start":{"line":161,"column":4},"end":{"line":163,"column":5}},"type":"if","locations":[{"start":{"line":161,"column":4},"end":{"line":163,"column":5}},{"start":{"line":161,"column":4},"end":{"line":163,"column":5}}],"line":161},"6":{"loc":{"start":{"line":179,"column":4},"end":{"line":181,"column":5}},"type":"if","locations":[{"start":{"line":179,"column":4},"end":{"line":181,"column":5}},{"start":{"line":179,"column":4},"end":{"line":181,"column":5}}],"line":179},"7":{"loc":{"start":{"line":185,"column":4},"end":{"line":187,"column":5}},"type":"if","locations":[{"start":{"line":185,"column":4},"end":{"line":187,"column":5}},{"start":{"line":185,"column":4},"end":{"line":187,"column":5}}],"line":185},"8":{"loc":{"start":{"line":185,"column":8},"end":{"line":185,"column":101}},"type":"binary-expr","locations":[{"start":{"line":185,"column":8},"end":{"line":185,"column":25}},{"start":{"line":185,"column":29},"end":{"line":185,"column":101}}],"line":185},"9":{"loc":{"start":{"line":194,"column":4},"end":{"line":206,"column":5}},"type":"if","locations":[{"start":{"line":194,"column":4},"end":{"line":206,"column":5}},{"start":{"line":194,"column":4},"end":{"line":206,"column":5}}],"line":194}},"s":{"0":10,"1":10,"2":10,"3":0,"4":0,"5":11,"6":11,"7":6,"8":10,"9":11,"10":11,"11":1,"12":1,"13":10,"14":10,"15":528,"16":10,"17":10,"18":0,"19":0,"20":0,"21":10,"22":5,"23":10,"24":10,"25":7,"26":10,"27":2,"28":10,"29":10,"30":43,"31":10,"32":3,"33":10,"34":10,"35":3,"36":10,"37":11,"38":11,"39":11,"40":0,"41":11},"f":{"0":10,"1":10,"2":0,"3":0,"4":11,"5":6,"6":10,"7":11,"8":528,"9":43,"10":11},"b":{"0":[1,10],"1":[0,10],"2":[0,0],"3":[5,5],"4":[7,3],"5":[2,8],"6":[3,7],"7":[3,7],"8":[10,10],"9":[0,11]},"_coverageSchema":"332fd63041d2c1bcb487cc26dd0d5f7d97098a6c","hash":"506c48d2870f484436322a24fc17eaf5648fc750"}
,"/Users/udavig4/Git/pagination/src/js/PaginationButton.js": {"path":"/Users/udavig4/Git/pagination/src/js/PaginationButton.js","statementMap":{"0":{"start":{"line":3,"column":25},"end":{"line":19,"column":1}},"1":{"start":{"line":4,"column":17},"end":{"line":6,"column":3}},"2":{"start":{"line":5,"column":4},"end":{"line":5,"column":37}},"3":{"start":{"line":8,"column":2},"end":{"line":18,"column":4}}},"fnMap":{"0":{"name":"(anonymous_0)","decl":{"start":{"line":3,"column":25},"end":{"line":3,"column":26}},"loc":{"start":{"line":3,"column":90},"end":{"line":19,"column":1}},"line":3},"1":{"name":"(anonymous_1)","decl":{"start":{"line":4,"column":17},"end":{"line":4,"column":18}},"loc":{"start":{"line":4,"column":28},"end":{"line":6,"column":3}},"line":4}},"branchMap":{"0":{"loc":{"start":{"line":12,"column":10},"end":{"line":12,"column":48}},"type":"cond-expr","locations":[{"start":{"line":12,"column":19},"end":{"line":12,"column":43}},{"start":{"line":12,"column":46},"end":{"line":12,"column":48}}],"line":12}},"s":{"0":2,"1":43,"2":2,"3":43},"f":{"0":43,"1":2},"b":{"0":[7,36]},"_coverageSchema":"332fd63041d2c1bcb487cc26dd0d5f7d97098a6c","hash":"bf339bd3c581540baf91af96ef58a25e3e0bcb1a"}
,"/Users/udavig4/Git/pagination/src/js/PaginationContainer.js": {"path":"/Users/udavig4/Git/pagination/src/js/PaginationContainer.js","statementMap":{"0":{"start":{"line":6,"column":4},"end":{"line":6,"column":17}},"1":{"start":{"line":7,"column":4},"end":{"line":9,"column":39}},"2":{"start":{"line":13,"column":4},"end":{"line":13,"column":45}},"3":{"start":{"line":14,"column":4},"end":{"line":14,"column":77}},"4":{"start":{"line":18,"column":4},"end":{"line":29,"column":6}}},"fnMap":{"0":{"name":"(anonymous_0)","decl":{"start":{"line":5,"column":2},"end":{"line":5,"column":3}},"loc":{"start":{"line":5,"column":21},"end":{"line":10,"column":3}},"line":5},"1":{"name":"(anonymous_1)","decl":{"start":{"line":12,"column":14},"end":{"line":12,"column":15}},"loc":{"start":{"line":12,"column":28},"end":{"line":15,"column":3}},"line":12},"2":{"name":"(anonymous_2)","decl":{"start":{"line":17,"column":2},"end":{"line":17,"column":3}},"loc":{"start":{"line":17,"column":11},"end":{"line":30,"column":3}},"line":17}},"branchMap":{},"s":{"0":2,"1":2,"2":1,"3":1,"4":3},"f":{"0":2,"1":1,"2":3},"b":{},"_coverageSchema":"332fd63041d2c1bcb487cc26dd0d5f7d97098a6c","hash":"ce6a49f5cadcaed9d24c12b25ed742f7d37aa231"}
}
