TN:
SF:/Users/udavig4/Git/pagination/src/js/Pagination.js
FN:28,(anonymous_0)
FN:35,(anonymous_1)
FN:38,(anonymous_2)
FN:42,(anonymous_3)
FN:46,(anonymous_4)
FN:86,(anonymous_5)
FN:102,(anonymous_6)
FN:124,(anonymous_7)
FN:137,(anonymous_8)
FN:167,(anonymous_9)
FN:191,(anonymous_10)
FNF:11
FNH:9
FNDA:10,(anonymous_0)
FNDA:10,(anonymous_1)
FNDA:0,(anonymous_2)
FNDA:0,(anonymous_3)
FNDA:11,(anonymous_4)
FNDA:6,(anonymous_5)
FNDA:10,(anonymous_6)
FNDA:11,(anonymous_7)
FNDA:528,(anonymous_8)
FNDA:43,(anonymous_9)
FNDA:11,(anonymous_10)
DA:29,10
DA:30,10
DA:36,10
DA:39,0
DA:43,0
DA:47,11
DA:49,11
DA:87,6
DA:104,10
DA:125,11
DA:127,11
DA:129,1
DA:133,1
DA:136,10
DA:137,528
DA:144,10
DA:145,10
DA:146,0
DA:147,0
DA:148,0
DA:151,10
DA:152,5
DA:157,10
DA:158,10
DA:159,7
DA:161,10
DA:162,2
DA:165,10
DA:167,10
DA:168,43
DA:179,10
DA:180,3
DA:183,10
DA:185,10
DA:186,3
DA:188,10
DA:192,11
DA:193,11
DA:194,11
DA:195,0
DA:201,11
LF:41
LH:35
BRDA:127,0,0,1
BRDA:127,0,1,10
BRDA:145,1,0,0
BRDA:145,1,1,10
BRDA:147,2,0,0
BRDA:147,2,1,0
BRDA:151,3,0,5
BRDA:151,3,1,5
BRDA:158,4,0,7
BRDA:158,4,1,3
BRDA:161,5,0,2
BRDA:161,5,1,8
BRDA:179,6,0,3
BRDA:179,6,1,7
BRDA:185,7,0,3
BRDA:185,7,1,7
BRDA:185,8,0,10
BRDA:185,8,1,10
BRDA:194,9,0,0
BRDA:194,9,1,11
BRF:20
BRH:16
end_of_record
TN:
SF:/Users/udavig4/Git/pagination/src/js/PaginationButton.js
FN:3,(anonymous_0)
FN:4,(anonymous_1)
FNF:2
FNH:2
FNDA:43,(anonymous_0)
FNDA:2,(anonymous_1)
DA:3,2
DA:4,43
DA:5,2
DA:8,43
LF:4
LH:4
BRDA:12,0,0,7
BRDA:12,0,1,36
BRF:2
BRH:2
end_of_record
TN:
SF:/Users/udavig4/Git/pagination/src/js/PaginationContainer.js
FN:5,(anonymous_0)
FN:12,(anonymous_1)
FN:17,(anonymous_2)
FNF:3
FNH:3
FNDA:2,(anonymous_0)
FNDA:1,(anonymous_1)
FNDA:3,(anonymous_2)
DA:6,2
DA:7,2
DA:13,1
DA:14,1
DA:18,3
LF:5
LH:5
BRF:0
BRH:0
end_of_record
